TN:
SF:src/modules/appointments/services/CreateAppointmentService.ts
FN:74,Object.<anonymous>
FN:74,Object.<anonymous>.__decorate
FN:74,Object.<anonymous>.__metadata
FN:74,Object.<anonymous>.__param
FN:74,Object.<anonymous>.__awaiter
FN:74,adopt
FN:74,fulfilled
FN:74,rejected
FN:74,step
FN:74,Object.<anonymous>.__generator
FN:74,sent
FN:74,g.<computed>
FN:74,verb
FN:74,step
FN:74,Object.<anonymous>.__importDefault
FN:26,CreateAppointmentService
FN:35,Object.<anonymous>.CreateAppointmentService.execute
FNF:17
FNH:15
FNDA:1,Object.<anonymous>
FNDA:1,Object.<anonymous>.__decorate
FNDA:1,Object.<anonymous>.__metadata
FNDA:2,Object.<anonymous>.__param
FNDA:7,Object.<anonymous>.__awaiter
FNDA:6,adopt
FNDA:6,fulfilled
FNDA:0,rejected
FNDA:8,step
FNDA:7,Object.<anonymous>.__generator
FNDA:6,sent
FNDA:0,g.<computed>
FNDA:21,verb
FNDA:13,step
FNDA:1,Object.<anonymous>.__importDefault
FNDA:5,CreateAppointmentService
FNDA:7,Object.<anonymous>.CreateAppointmentService.execute
DA:1,1
DA:2,1
DA:3,1
DA:4,1
DA:5,1
DA:6,1
DA:7,1
DA:8,1
DA:9,1
DA:10,1
DA:11,1
DA:12,1
DA:13,1
DA:14,1
DA:15,1
DA:16,1
DA:17,1
DA:18,1
DA:19,1
DA:20,1
DA:21,1
DA:22,1
DA:23,1
DA:24,1
DA:25,1
DA:26,1
DA:27,5
DA:28,5
DA:29,5
DA:30,5
DA:31,5
DA:32,5
DA:33,5
DA:34,1
DA:35,1
DA:36,7
DA:37,7
DA:38,7
DA:39,5
DA:40,5
DA:41,2
DA:42,7
DA:43,0
DA:44,0
DA:45,2
DA:46,7
DA:47,0
DA:48,0
DA:49,2
DA:50,2
DA:51,2
DA:52,7
DA:53,7
DA:54,0
DA:55,0
DA:56,7
DA:57,7
DA:58,7
DA:59,7
DA:60,7
DA:61,7
DA:62,7
DA:63,7
DA:64,7
DA:65,7
DA:66,7
DA:67,7
DA:68,7
DA:69,7
DA:70,7
DA:71,7
DA:72,1
DA:73,1
DA:74,1
LF:74
LH:68
BRDA:74,0,0,1
BRDA:74,1,0,1
BRDA:74,2,0,1
BRDA:74,3,0,0
BRDA:74,4,0,0
BRDA:74,5,0,0
BRDA:74,6,0,0
BRDA:74,7,0,1
BRDA:74,8,0,2
BRDA:74,9,0,2
BRDA:74,10,0,7
BRDA:74,11,0,6
BRDA:74,12,0,0
BRDA:74,13,0,7
BRDA:74,14,0,6
BRDA:74,15,0,0
BRDA:74,16,0,8
BRDA:74,17,0,2
BRDA:74,18,0,6
BRDA:74,19,0,7
BRDA:74,20,0,6
BRDA:74,21,0,0
BRDA:74,22,0,21
BRDA:74,23,0,13
BRDA:74,24,0,13
BRDA:74,25,0,0
BRDA:74,26,0,26
BRDA:74,27,0,0
BRDA:74,28,0,0
BRDA:74,29,0,0
BRDA:74,30,0,0
BRDA:74,31,0,13
BRDA:74,32,0,13
BRDA:74,33,0,6
BRDA:74,34,0,0
BRDA:74,35,0,0
BRDA:74,36,0,7
BRDA:74,37,0,0
BRDA:74,38,0,2
BRDA:74,39,0,0
BRDA:74,40,0,0
BRDA:74,41,0,0
BRDA:74,42,0,0
BRDA:74,43,0,13
BRDA:74,44,0,5
BRDA:74,45,0,13
BRDA:74,46,0,7
BRDA:74,47,0,5
BRDA:74,48,0,2
BRDA:74,49,0,0
BRDA:74,50,0,1
BRDA:74,51,0,0
BRDA:25,52,0,1
BRDA:26,53,0,5
BRDA:35,54,0,7
BRDA:74,55,0,7
BRDA:74,56,0,13
BRDA:74,57,0,7
BRDA:38,58,0,5
BRDA:40,59,0,2
BRDA:42,60,0,0
BRDA:44,61,0,2
BRDA:46,62,0,0
BRDA:48,63,0,2
BRDA:74,64,0,2
BRDA:53,65,0,0
BRDA:74,66,0,2
BRDA:74,67,0,2
BRF:68
BRH:44
end_of_record
TN:
SF:src/modules/appointments/services/ListProviderAppointments.ts
FN:35,Object.<anonymous>
FN:35,Object.<anonymous>.__decorate
FN:35,Object.<anonymous>.__metadata
FN:35,Object.<anonymous>.__param
FN:35,Object.<anonymous>.__awaiter
FN:35,adopt
FN:35,fulfilled
FN:35,rejected
FN:35,step
FN:35,Object.<anonymous>.__generator
FN:35,sent
FN:35,g.<computed>
FN:35,verb
FN:35,step
FN:16,ListProviderAppointments
FN:23,Object.<anonymous>.ListProviderAppointments.execute
FNF:16
FNH:14
FNDA:1,Object.<anonymous>
FNDA:1,Object.<anonymous>.__decorate
FNDA:1,Object.<anonymous>.__metadata
FNDA:1,Object.<anonymous>.__param
FNDA:1,Object.<anonymous>.__awaiter
FNDA:1,adopt
FNDA:1,fulfilled
FNDA:0,rejected
FNDA:2,step
FNDA:1,Object.<anonymous>.__generator
FNDA:1,sent
FNDA:0,g.<computed>
FNDA:3,verb
FNDA:2,step
FNDA:1,ListProviderAppointments
FNDA:1,Object.<anonymous>.ListProviderAppointments.execute
DA:1,1
DA:2,1
DA:3,1
DA:4,1
DA:5,1
DA:6,1
DA:7,1
DA:8,1
DA:9,1
DA:10,1
DA:11,1
DA:12,1
DA:13,1
DA:14,1
DA:15,1
DA:16,1
DA:17,1
DA:18,1
DA:19,1
DA:20,1
DA:21,1
DA:22,1
DA:23,1
DA:24,1
DA:25,1
DA:26,1
DA:27,1
DA:28,1
DA:29,1
DA:30,1
DA:31,1
DA:32,1
DA:33,1
DA:34,1
DA:35,1
LF:35
LH:35
BRDA:35,0,0,1
BRDA:35,1,0,1
BRDA:35,2,0,1
BRDA:35,3,0,0
BRDA:35,4,0,0
BRDA:35,5,0,0
BRDA:35,6,0,0
BRDA:35,7,0,1
BRDA:35,8,0,1
BRDA:35,9,0,1
BRDA:35,10,0,1
BRDA:35,11,0,1
BRDA:35,12,0,0
BRDA:35,13,0,1
BRDA:35,14,0,1
BRDA:35,15,0,0
BRDA:35,16,0,2
BRDA:35,17,0,1
BRDA:35,18,0,1
BRDA:35,19,0,1
BRDA:35,20,0,1
BRDA:35,21,0,0
BRDA:35,22,0,3
BRDA:35,23,0,2
BRDA:35,24,0,2
BRDA:35,25,0,0
BRDA:35,26,0,4
BRDA:35,27,0,0
BRDA:35,28,0,0
BRDA:35,29,0,0
BRDA:35,30,0,0
BRDA:35,31,0,2
BRDA:35,32,0,2
BRDA:35,33,0,1
BRDA:35,34,0,0
BRDA:35,35,0,0
BRDA:35,36,0,1
BRDA:35,37,0,0
BRDA:35,38,0,0
BRDA:35,39,0,0
BRDA:35,40,0,0
BRDA:35,41,0,0
BRDA:35,42,0,2
BRDA:35,43,0,0
BRDA:35,44,0,2
BRDA:35,45,0,1
BRDA:35,46,0,0
BRDA:35,47,0,1
BRDA:35,48,0,0
BRDA:15,49,0,1
BRDA:16,50,0,1
BRDA:23,51,0,1
BRDA:35,52,0,1
BRDA:35,53,0,2
BRDA:24,54,0,1
BRDA:35,55,0,1
BRF:56
BRH:34
end_of_record
TN:
SF:src/modules/appointments/services/ListProviderDayAvailability.ts
FN:61,Object.<anonymous>
FN:61,Object.<anonymous>.__decorate
FN:61,Object.<anonymous>.__metadata
FN:61,Object.<anonymous>.__param
FN:61,Object.<anonymous>.__awaiter
FN:61,adopt
FN:61,fulfilled
FN:61,rejected
FN:61,step
FN:61,Object.<anonymous>.__generator
FN:61,sent
FN:61,g.<computed>
FN:61,verb
FN:61,step
FN:20,ListProviderDayAvailabilityService
FN:27,Object.<anonymous>.ListProviderDayAvailabilityService.execute
FNF:16
FNH:14
FNDA:1,Object.<anonymous>
FNDA:1,Object.<anonymous>.__decorate
FNDA:1,Object.<anonymous>.__metadata
FNDA:1,Object.<anonymous>.__param
FNDA:1,Object.<anonymous>.__awaiter
FNDA:1,adopt
FNDA:1,fulfilled
FNDA:0,rejected
FNDA:2,step
FNDA:1,Object.<anonymous>.__generator
FNDA:1,sent
FNDA:0,g.<computed>
FNDA:3,verb
FNDA:2,step
FNDA:1,ListProviderDayAvailabilityService
FNDA:1,Object.<anonymous>.ListProviderDayAvailabilityService.execute
DA:1,1
DA:2,1
DA:3,1
DA:4,1
DA:5,1
DA:6,1
DA:7,1
DA:8,1
DA:9,1
DA:10,1
DA:11,1
DA:12,1
DA:13,1
DA:14,1
DA:15,1
DA:16,1
DA:17,1
DA:18,1
DA:19,1
DA:20,1
DA:21,1
DA:22,1
DA:23,1
DA:24,1
DA:25,1
DA:26,1
DA:27,1
DA:28,1
DA:29,1
DA:30,1
DA:31,1
DA:32,1
DA:33,1
DA:34,1
DA:35,1
DA:36,1
DA:37,1
DA:38,1
DA:39,1
DA:40,1
DA:41,1
DA:42,1
DA:43,1
DA:44,1
DA:45,10
DA:46,19
DA:47,10
DA:48,10
DA:49,10
DA:50,10
DA:51,10
DA:52,10
DA:53,10
DA:54,10
DA:55,1
DA:56,1
DA:57,1
DA:58,1
DA:59,1
DA:60,1
DA:61,1
LF:61
LH:61
BRDA:61,0,0,1
BRDA:61,1,0,1
BRDA:61,2,0,1
BRDA:61,3,0,0
BRDA:61,4,0,0
BRDA:61,5,0,0
BRDA:61,6,0,0
BRDA:61,7,0,1
BRDA:61,8,0,1
BRDA:61,9,0,1
BRDA:61,10,0,1
BRDA:61,11,0,1
BRDA:61,12,0,0
BRDA:61,13,0,1
BRDA:61,14,0,1
BRDA:61,15,0,0
BRDA:61,16,0,2
BRDA:61,17,0,1
BRDA:61,18,0,1
BRDA:61,19,0,1
BRDA:61,20,0,1
BRDA:61,21,0,0
BRDA:61,22,0,3
BRDA:61,23,0,2
BRDA:61,24,0,2
BRDA:61,25,0,0
BRDA:61,26,0,4
BRDA:61,27,0,0
BRDA:61,28,0,0
BRDA:61,29,0,0
BRDA:61,30,0,0
BRDA:61,31,0,2
BRDA:61,32,0,2
BRDA:61,33,0,1
BRDA:61,34,0,0
BRDA:61,35,0,0
BRDA:61,36,0,1
BRDA:61,37,0,0
BRDA:61,38,0,0
BRDA:61,39,0,0
BRDA:61,40,0,0
BRDA:61,41,0,0
BRDA:61,42,0,2
BRDA:61,43,0,0
BRDA:61,44,0,2
BRDA:61,45,0,1
BRDA:61,46,0,0
BRDA:61,47,0,1
BRDA:61,48,0,0
BRDA:19,49,0,1
BRDA:20,50,0,1
BRDA:27,51,0,1
BRDA:61,52,0,1
BRDA:61,53,0,2
BRDA:28,54,0,1
BRDA:61,55,0,1
BRDA:39,56,0,10
BRDA:44,57,0,10
BRDA:53,58,0,8
BRDA:45,59,0,19
BRF:60
BRH:38
end_of_record
TN:
SF:src/modules/appointments/services/ListProviderMonthAvailabilityService.ts
FN:58,Object.<anonymous>
FN:58,Object.<anonymous>.__decorate
FN:58,Object.<anonymous>.__metadata
FN:58,Object.<anonymous>.__param
FN:58,Object.<anonymous>.__awaiter
FN:58,adopt
FN:58,fulfilled
FN:58,rejected
FN:58,step
FN:58,Object.<anonymous>.__generator
FN:58,sent
FN:58,g.<computed>
FN:58,verb
FN:58,step
FN:20,ListProviderMonthAvailabilityService
FN:27,Object.<anonymous>.ListProviderMonthAvailabilityService.execute
FNF:16
FNH:14
FNDA:1,Object.<anonymous>
FNDA:1,Object.<anonymous>.__decorate
FNDA:1,Object.<anonymous>.__metadata
FNDA:1,Object.<anonymous>.__param
FNDA:1,Object.<anonymous>.__awaiter
FNDA:1,adopt
FNDA:1,fulfilled
FNDA:0,rejected
FNDA:2,step
FNDA:1,Object.<anonymous>.__generator
FNDA:1,sent
FNDA:0,g.<computed>
FNDA:3,verb
FNDA:2,step
FNDA:1,ListProviderMonthAvailabilityService
FNDA:1,Object.<anonymous>.ListProviderMonthAvailabilityService.execute
DA:1,1
DA:2,1
DA:3,1
DA:4,1
DA:5,1
DA:6,1
DA:7,1
DA:8,1
DA:9,1
DA:10,1
DA:11,1
DA:12,1
DA:13,1
DA:14,1
DA:15,1
DA:16,1
DA:17,1
DA:18,1
DA:19,1
DA:20,1
DA:21,1
DA:22,1
DA:23,1
DA:24,1
DA:25,1
DA:26,1
DA:27,1
DA:28,1
DA:29,1
DA:30,1
DA:31,1
DA:32,1
DA:33,1
DA:34,1
DA:35,1
DA:36,1
DA:37,1
DA:38,1
DA:39,1
DA:40,1
DA:41,1
DA:42,1
DA:43,1
DA:44,31
DA:45,341
DA:46,31
DA:47,31
DA:48,31
DA:49,31
DA:50,31
DA:51,31
DA:52,1
DA:53,1
DA:54,1
DA:55,1
DA:56,1
DA:57,1
DA:58,1
LF:58
LH:58
BRDA:58,0,0,1
BRDA:58,1,0,1
BRDA:58,2,0,1
BRDA:58,3,0,0
BRDA:58,4,0,0
BRDA:58,5,0,0
BRDA:58,6,0,0
BRDA:58,7,0,1
BRDA:58,8,0,1
BRDA:58,9,0,1
BRDA:58,10,0,1
BRDA:58,11,0,1
BRDA:58,12,0,0
BRDA:58,13,0,1
BRDA:58,14,0,1
BRDA:58,15,0,0
BRDA:58,16,0,2
BRDA:58,17,0,1
BRDA:58,18,0,1
BRDA:58,19,0,1
BRDA:58,20,0,1
BRDA:58,21,0,0
BRDA:58,22,0,3
BRDA:58,23,0,2
BRDA:58,24,0,2
BRDA:58,25,0,0
BRDA:58,26,0,4
BRDA:58,27,0,0
BRDA:58,28,0,0
BRDA:58,29,0,0
BRDA:58,30,0,0
BRDA:58,31,0,2
BRDA:58,32,0,2
BRDA:58,33,0,1
BRDA:58,34,0,0
BRDA:58,35,0,0
BRDA:58,36,0,1
BRDA:58,37,0,0
BRDA:58,38,0,0
BRDA:58,39,0,0
BRDA:58,40,0,0
BRDA:58,41,0,0
BRDA:58,42,0,2
BRDA:58,43,0,0
BRDA:58,44,0,2
BRDA:58,45,0,1
BRDA:58,46,0,0
BRDA:58,47,0,1
BRDA:58,48,0,0
BRDA:19,49,0,1
BRDA:20,50,0,1
BRDA:27,51,0,1
BRDA:58,52,0,1
BRDA:58,53,0,2
BRDA:28,54,0,1
BRDA:58,55,0,1
BRDA:40,56,0,31
BRDA:43,57,0,31
BRDA:44,58,0,341
BRF:59
BRH:37
end_of_record
TN:
SF:src/modules/appointments/services/ListProvidersService.ts
FN:1,(empty-report)
FNF:1
FNH:0
FNDA:0,(empty-report)
DA:1,0
DA:2,0
DA:3,0
DA:4,0
DA:5,0
DA:6,0
DA:7,0
DA:8,0
DA:9,0
DA:10,0
DA:11,0
DA:12,0
DA:13,0
DA:14,0
DA:15,0
DA:16,0
DA:17,0
DA:18,0
DA:19,0
DA:20,0
DA:21,0
DA:22,0
DA:23,0
DA:24,0
DA:25,0
DA:26,0
DA:27,0
DA:28,0
DA:29,0
LF:29
LH:0
BRDA:1,0,0,0
BRF:1
BRH:0
end_of_record
TN:
SF:src/modules/users/services/AuthenticateUserService.ts
FN:59,Object.<anonymous>
FN:59,Object.<anonymous>.__decorate
FN:59,Object.<anonymous>.__metadata
FN:59,Object.<anonymous>.__param
FN:59,Object.<anonymous>.__awaiter
FN:59,adopt
FN:59,fulfilled
FN:59,rejected
FN:59,step
FN:59,Object.<anonymous>.__generator
FN:59,sent
FN:59,g.<computed>
FN:59,verb
FN:59,step
FN:59,Object.<anonymous>.__importDefault
FN:25,AuthenticateUserService
FN:34,Object.<anonymous>.AuthenticateUserService.execute
FNF:17
FNH:15
FNDA:1,Object.<anonymous>
FNDA:1,Object.<anonymous>.__decorate
FNDA:1,Object.<anonymous>.__metadata
FNDA:2,Object.<anonymous>.__param
FNDA:3,Object.<anonymous>.__awaiter
FNDA:5,adopt
FNDA:5,fulfilled
FNDA:0,rejected
FNDA:6,step
FNDA:3,Object.<anonymous>.__generator
FNDA:5,sent
FNDA:0,g.<computed>
FNDA:9,verb
FNDA:8,step
FNDA:2,Object.<anonymous>.__importDefault
FNDA:3,AuthenticateUserService
FNDA:3,Object.<anonymous>.AuthenticateUserService.execute
DA:1,1
DA:2,1
DA:3,1
DA:4,1
DA:5,1
DA:6,1
DA:7,1
DA:8,1
DA:9,1
DA:10,1
DA:11,1
DA:12,1
DA:13,1
DA:14,1
DA:15,1
DA:16,1
DA:17,1
DA:18,1
DA:19,1
DA:20,1
DA:21,1
DA:22,1
DA:23,1
DA:24,1
DA:25,1
DA:26,3
DA:27,3
DA:28,3
DA:29,3
DA:30,3
DA:31,3
DA:32,3
DA:33,1
DA:34,1
DA:35,3
DA:36,3
DA:37,3
DA:38,1
DA:39,1
DA:40,2
DA:41,2
DA:42,3
DA:43,3
DA:44,1
DA:45,1
DA:46,1
DA:47,1
DA:48,1
DA:49,1
DA:50,1
DA:51,1
DA:52,1
DA:53,1
DA:54,1
DA:55,1
DA:56,3
DA:57,1
DA:58,1
DA:59,1
LF:59
LH:59
BRDA:59,0,0,1
BRDA:59,1,0,1
BRDA:59,2,0,1
BRDA:59,3,0,0
BRDA:59,4,0,0
BRDA:59,5,0,0
BRDA:59,6,0,0
BRDA:59,7,0,1
BRDA:59,8,0,2
BRDA:59,9,0,2
BRDA:59,10,0,3
BRDA:59,11,0,5
BRDA:59,12,0,0
BRDA:59,13,0,3
BRDA:59,14,0,5
BRDA:59,15,0,2
BRDA:59,16,0,6
BRDA:59,17,0,1
BRDA:59,18,0,5
BRDA:59,19,0,3
BRDA:59,20,0,5
BRDA:59,21,0,0
BRDA:59,22,0,9
BRDA:59,23,0,8
BRDA:59,24,0,8
BRDA:59,25,0,0
BRDA:59,26,0,16
BRDA:59,27,0,0
BRDA:59,28,0,0
BRDA:59,29,0,0
BRDA:59,30,0,0
BRDA:59,31,0,8
BRDA:59,32,0,8
BRDA:59,33,0,5
BRDA:59,34,0,0
BRDA:59,35,0,0
BRDA:59,36,0,3
BRDA:59,37,0,0
BRDA:59,38,0,1
BRDA:59,39,0,0
BRDA:59,40,0,0
BRDA:59,41,0,0
BRDA:59,42,0,0
BRDA:59,43,0,8
BRDA:59,44,0,2
BRDA:59,45,0,8
BRDA:59,46,0,3
BRDA:59,47,0,2
BRDA:59,48,0,1
BRDA:59,49,0,0
BRDA:59,50,0,2
BRDA:59,51,0,0
BRDA:24,52,0,1
BRDA:25,53,0,3
BRDA:34,54,0,3
BRDA:59,55,0,3
BRDA:59,56,0,8
BRDA:35,57,0,3
BRDA:59,58,0,3
BRDA:37,59,0,1
BRDA:39,60,0,2
BRDA:59,61,0,2
BRDA:43,62,0,1
BRF:63
BRH:43
end_of_record
TN:
SF:src/modules/users/services/CreateUserService.ts
FN:47,Object.<anonymous>
FN:47,Object.<anonymous>.__decorate
FN:47,Object.<anonymous>.__metadata
FN:47,Object.<anonymous>.__param
FN:47,Object.<anonymous>.__awaiter
FN:47,adopt
FN:47,fulfilled
FN:47,rejected
FN:47,step
FN:47,Object.<anonymous>.__generator
FN:47,sent
FN:47,g.<computed>
FN:47,verb
FN:47,step
FN:47,Object.<anonymous>.__importDefault
FN:19,CreateUserService
FN:28,Object.<anonymous>.CreateUserService.execute
FNF:17
FNH:15
FNDA:2,Object.<anonymous>
FNDA:2,Object.<anonymous>.__decorate
FNDA:2,Object.<anonymous>.__metadata
FNDA:4,Object.<anonymous>.__param
FNDA:5,Object.<anonymous>.__awaiter
FNDA:9,adopt
FNDA:9,fulfilled
FNDA:0,rejected
FNDA:13,step
FNDA:5,Object.<anonymous>.__generator
FNDA:9,sent
FNDA:0,g.<computed>
FNDA:15,verb
FNDA:14,step
FNDA:2,Object.<anonymous>.__importDefault
FNDA:5,CreateUserService
FNDA:5,Object.<anonymous>.CreateUserService.execute
DA:1,1
DA:2,1
DA:3,1
DA:4,1
DA:5,1
DA:6,1
DA:7,1
DA:8,1
DA:9,1
DA:10,1
DA:11,1
DA:12,1
DA:13,1
DA:14,1
DA:15,1
DA:16,1
DA:17,1
DA:18,2
DA:19,2
DA:20,5
DA:21,5
DA:22,5
DA:23,5
DA:24,5
DA:25,5
DA:26,5
DA:27,2
DA:28,2
DA:29,5
DA:30,5
DA:31,5
DA:32,1
DA:33,1
DA:34,4
DA:35,4
DA:36,5
DA:37,5
DA:38,5
DA:39,5
DA:40,5
DA:41,5
DA:42,5
DA:43,5
DA:44,5
DA:45,2
DA:46,1
DA:47,1
LF:47
LH:47
BRDA:47,0,0,2
BRDA:47,1,0,2
BRDA:47,2,0,2
BRDA:47,3,0,0
BRDA:47,4,0,0
BRDA:47,5,0,0
BRDA:47,6,0,0
BRDA:47,7,0,2
BRDA:47,8,0,4
BRDA:47,9,0,4
BRDA:47,10,0,5
BRDA:47,11,0,9
BRDA:47,12,0,0
BRDA:47,13,0,5
BRDA:47,14,0,9
BRDA:47,15,0,1
BRDA:47,16,0,13
BRDA:47,17,0,4
BRDA:47,18,0,9
BRDA:47,19,0,5
BRDA:47,20,0,9
BRDA:47,21,0,0
BRDA:47,22,0,15
BRDA:47,23,0,14
BRDA:47,24,0,14
BRDA:47,25,0,0
BRDA:47,26,0,28
BRDA:47,27,0,0
BRDA:47,28,0,0
BRDA:47,29,0,0
BRDA:47,30,0,0
BRDA:47,31,0,14
BRDA:47,32,0,14
BRDA:47,33,0,9
BRDA:47,34,0,0
BRDA:47,35,0,0
BRDA:47,36,0,5
BRDA:47,37,0,0
BRDA:47,38,0,4
BRDA:47,39,0,0
BRDA:47,40,0,0
BRDA:47,41,0,0
BRDA:47,42,0,0
BRDA:47,43,0,14
BRDA:47,44,0,1
BRDA:47,45,0,14
BRDA:47,46,0,5
BRDA:47,47,0,1
BRDA:47,48,0,4
BRDA:47,49,0,0
BRDA:47,50,0,2
BRDA:47,51,0,0
BRDA:18,52,0,2
BRDA:19,53,0,5
BRDA:28,54,0,5
BRDA:47,55,0,5
BRDA:47,56,0,14
BRDA:29,57,0,5
BRDA:47,58,0,5
BRDA:31,59,0,1
BRDA:33,60,0,4
BRDA:47,61,0,4
BRF:62
BRH:42
end_of_record
TN:
SF:src/modules/users/services/ResetPasswordService.ts
FN:58,Object.<anonymous>
FN:58,Object.<anonymous>.__decorate
FN:58,Object.<anonymous>.__metadata
FN:58,Object.<anonymous>.__param
FN:58,Object.<anonymous>.__awaiter
FN:58,adopt
FN:58,fulfilled
FN:58,rejected
FN:58,step
FN:58,Object.<anonymous>.__generator
FN:58,sent
FN:58,g.<computed>
FN:58,verb
FN:58,step
FN:58,Object.<anonymous>.__importDefault
FN:20,ResetPasswordService
FN:31,Object.<anonymous>.ResetPasswordService.execute
FNF:17
FNH:15
FNDA:1,Object.<anonymous>
FNDA:1,Object.<anonymous>.__decorate
FNDA:1,Object.<anonymous>.__metadata
FNDA:3,Object.<anonymous>.__param
FNDA:4,Object.<anonymous>.__awaiter
FNDA:9,adopt
FNDA:9,fulfilled
FNDA:0,rejected
FNDA:10,step
FNDA:4,Object.<anonymous>.__generator
FNDA:9,sent
FNDA:0,g.<computed>
FNDA:12,verb
FNDA:13,step
FNDA:1,Object.<anonymous>.__importDefault
FNDA:4,ResetPasswordService
FNDA:4,Object.<anonymous>.ResetPasswordService.execute
DA:1,1
DA:2,1
DA:3,1
DA:4,1
DA:5,1
DA:6,1
DA:7,1
DA:8,1
DA:9,1
DA:10,1
DA:11,1
DA:12,1
DA:13,1
DA:14,1
DA:15,1
DA:16,1
DA:17,1
DA:18,1
DA:19,1
DA:20,1
DA:21,4
DA:22,4
DA:23,4
DA:24,4
DA:25,4
DA:26,4
DA:27,4
DA:28,4
DA:29,4
DA:30,1
DA:31,1
DA:32,4
DA:33,4
DA:34,4
DA:35,1
DA:36,1
DA:37,3
DA:38,3
DA:39,4
DA:40,4
DA:41,1
DA:42,1
DA:43,2
DA:44,2
DA:45,2
DA:46,2
DA:47,4
DA:48,1
DA:49,1
DA:50,1
DA:51,1
DA:52,4
DA:53,4
DA:54,4
DA:55,1
DA:56,1
DA:57,1
DA:58,1
LF:58
LH:58
BRDA:58,0,0,1
BRDA:58,1,0,1
BRDA:58,2,0,1
BRDA:58,3,0,0
BRDA:58,4,0,0
BRDA:58,5,0,0
BRDA:58,6,0,0
BRDA:58,7,0,1
BRDA:58,8,0,3
BRDA:58,9,0,3
BRDA:58,10,0,4
BRDA:58,11,0,9
BRDA:58,12,0,0
BRDA:58,13,0,4
BRDA:58,14,0,9
BRDA:58,15,0,3
BRDA:58,16,0,10
BRDA:58,17,0,1
BRDA:58,18,0,9
BRDA:58,19,0,4
BRDA:58,20,0,9
BRDA:58,21,0,0
BRDA:58,22,0,12
BRDA:58,23,0,13
BRDA:58,24,0,13
BRDA:58,25,0,0
BRDA:58,26,0,26
BRDA:58,27,0,0
BRDA:58,28,0,0
BRDA:58,29,0,0
BRDA:58,30,0,0
BRDA:58,31,0,13
BRDA:58,32,0,13
BRDA:58,33,0,9
BRDA:58,34,0,0
BRDA:58,35,0,0
BRDA:58,36,0,4
BRDA:58,37,0,0
BRDA:58,38,0,1
BRDA:58,39,0,0
BRDA:58,40,0,0
BRDA:58,41,0,0
BRDA:58,42,0,0
BRDA:58,43,0,13
BRDA:58,44,0,3
BRDA:58,45,0,13
BRDA:58,46,0,4
BRDA:58,47,0,3
BRDA:58,48,0,1
BRDA:58,49,0,0
BRDA:58,50,0,1
BRDA:58,51,0,0
BRDA:19,52,0,1
BRDA:20,53,0,4
BRDA:31,54,0,4
BRDA:58,55,0,4
BRDA:58,56,0,13
BRDA:32,57,0,4
BRDA:58,58,0,4
BRDA:34,59,0,1
BRDA:36,60,0,3
BRDA:58,61,0,3
BRDA:40,62,0,1
BRDA:42,63,0,2
BRDA:47,64,0,1
BRDA:58,65,0,1
BRDA:58,66,0,1
BRF:67
BRH:47
end_of_record
TN:
SF:src/modules/users/services/SendForgotPasswordEmailService.ts
FN:64,Object.<anonymous>
FN:64,Object.<anonymous>.__decorate
FN:64,Object.<anonymous>.__metadata
FN:64,Object.<anonymous>.__param
FN:64,Object.<anonymous>.__awaiter
FN:64,adopt
FN:64,fulfilled
FN:64,rejected
FN:64,step
FN:64,Object.<anonymous>.__generator
FN:64,sent
FN:64,g.<computed>
FN:64,verb
FN:64,step
FN:64,Object.<anonymous>.__importDefault
FN:19,SendForgotPasswordEmailService
FN:30,Object.<anonymous>.SendForgotPasswordEmailService.execute
FNF:17
FNH:15
FNDA:1,Object.<anonymous>
FNDA:1,Object.<anonymous>.__decorate
FNDA:1,Object.<anonymous>.__metadata
FNDA:3,Object.<anonymous>.__param
FNDA:3,Object.<anonymous>.__awaiter
FNDA:7,adopt
FNDA:7,fulfilled
FNDA:0,rejected
FNDA:9,step
FNDA:3,Object.<anonymous>.__generator
FNDA:7,sent
FNDA:0,g.<computed>
FNDA:9,verb
FNDA:10,step
FNDA:2,Object.<anonymous>.__importDefault
FNDA:3,SendForgotPasswordEmailService
FNDA:3,Object.<anonymous>.SendForgotPasswordEmailService.execute
DA:1,1
DA:2,1
DA:3,1
DA:4,1
DA:5,1
DA:6,1
DA:7,1
DA:8,1
DA:9,1
DA:10,1
DA:11,1
DA:12,1
DA:13,1
DA:14,1
DA:15,1
DA:16,1
DA:17,1
DA:18,1
DA:19,1
DA:20,3
DA:21,3
DA:22,3
DA:23,3
DA:24,3
DA:25,3
DA:26,3
DA:27,3
DA:28,3
DA:29,1
DA:30,1
DA:31,3
DA:32,3
DA:33,3
DA:34,1
DA:35,1
DA:36,2
DA:37,2
DA:38,3
DA:39,3
DA:40,3
DA:41,3
DA:42,3
DA:43,3
DA:44,3
DA:45,3
DA:46,3
DA:47,3
DA:48,3
DA:49,3
DA:50,3
DA:51,3
DA:52,3
DA:53,3
DA:54,3
DA:55,3
DA:56,3
DA:57,3
DA:58,3
DA:59,3
DA:60,3
DA:61,1
DA:62,1
DA:63,1
DA:64,1
LF:64
LH:64
BRDA:64,0,0,1
BRDA:64,1,0,1
BRDA:64,2,0,1
BRDA:64,3,0,0
BRDA:64,4,0,0
BRDA:64,5,0,0
BRDA:64,6,0,0
BRDA:64,7,0,1
BRDA:64,8,0,3
BRDA:64,9,0,3
BRDA:64,10,0,3
BRDA:64,11,0,7
BRDA:64,12,0,0
BRDA:64,13,0,3
BRDA:64,14,0,7
BRDA:64,15,0,1
BRDA:64,16,0,9
BRDA:64,17,0,2
BRDA:64,18,0,7
BRDA:64,19,0,3
BRDA:64,20,0,7
BRDA:64,21,0,0
BRDA:64,22,0,9
BRDA:64,23,0,10
BRDA:64,24,0,10
BRDA:64,25,0,0
BRDA:64,26,0,20
BRDA:64,27,0,0
BRDA:64,28,0,0
BRDA:64,29,0,0
BRDA:64,30,0,0
BRDA:64,31,0,10
BRDA:64,32,0,10
BRDA:64,33,0,7
BRDA:64,34,0,0
BRDA:64,35,0,0
BRDA:64,36,0,3
BRDA:64,37,0,0
BRDA:64,38,0,2
BRDA:64,39,0,0
BRDA:64,40,0,0
BRDA:64,41,0,0
BRDA:64,42,0,0
BRDA:64,43,0,10
BRDA:64,44,0,1
BRDA:64,45,0,10
BRDA:64,46,0,3
BRDA:64,47,0,1
BRDA:64,48,0,2
BRDA:64,49,0,0
BRDA:64,50,0,2
BRDA:64,51,0,1
BRDA:64,52,0,1
BRDA:18,53,0,1
BRDA:19,54,0,3
BRDA:30,55,0,3
BRDA:64,56,0,3
BRDA:64,57,0,10
BRDA:31,58,0,3
BRDA:64,59,0,3
BRDA:33,60,0,1
BRDA:35,61,0,2
BRDA:64,62,0,2
BRDA:64,63,0,2
BRF:64
BRH:45
end_of_record
TN:
SF:src/modules/users/services/ShowProfileService.ts
FN:33,Object.<anonymous>
FN:33,Object.<anonymous>.__decorate
FN:33,Object.<anonymous>.__metadata
FN:33,Object.<anonymous>.__param
FN:33,Object.<anonymous>.__awaiter
FN:33,adopt
FN:33,fulfilled
FN:33,rejected
FN:33,step
FN:33,Object.<anonymous>.__generator
FN:33,sent
FN:33,g.<computed>
FN:33,verb
FN:33,step
FN:33,Object.<anonymous>.__importDefault
FN:15,ShowProfileService
FN:22,Object.<anonymous>.ShowProfileService.execute
FNF:17
FNH:15
FNDA:1,Object.<anonymous>
FNDA:1,Object.<anonymous>.__decorate
FNDA:1,Object.<anonymous>.__metadata
FNDA:1,Object.<anonymous>.__param
FNDA:2,Object.<anonymous>.__awaiter
FNDA:2,adopt
FNDA:2,fulfilled
FNDA:0,rejected
FNDA:3,step
FNDA:2,Object.<anonymous>.__generator
FNDA:2,sent
FNDA:0,g.<computed>
FNDA:6,verb
FNDA:4,step
FNDA:1,Object.<anonymous>.__importDefault
FNDA:2,ShowProfileService
FNDA:2,Object.<anonymous>.ShowProfileService.execute
DA:1,1
DA:2,1
DA:3,1
DA:4,1
DA:5,1
DA:6,1
DA:7,1
DA:8,1
DA:9,1
DA:10,1
DA:11,1
DA:12,1
DA:13,1
DA:14,1
DA:15,1
DA:16,2
DA:17,2
DA:18,2
DA:19,2
DA:20,2
DA:21,1
DA:22,1
DA:23,2
DA:24,2
DA:25,2
DA:26,1
DA:27,1
DA:28,1
DA:29,1
DA:30,2
DA:31,1
DA:32,1
DA:33,1
LF:33
LH:33
BRDA:33,0,0,1
BRDA:33,1,0,1
BRDA:33,2,0,1
BRDA:33,3,0,0
BRDA:33,4,0,0
BRDA:33,5,0,0
BRDA:33,6,0,0
BRDA:33,7,0,1
BRDA:33,8,0,1
BRDA:33,9,0,1
BRDA:33,10,0,2
BRDA:33,11,0,2
BRDA:33,12,0,0
BRDA:33,13,0,2
BRDA:33,14,0,2
BRDA:33,15,0,1
BRDA:33,16,0,3
BRDA:33,17,0,1
BRDA:33,18,0,2
BRDA:33,19,0,2
BRDA:33,20,0,2
BRDA:33,21,0,0
BRDA:33,22,0,6
BRDA:33,23,0,4
BRDA:33,24,0,4
BRDA:33,25,0,0
BRDA:33,26,0,8
BRDA:33,27,0,0
BRDA:33,28,0,0
BRDA:33,29,0,0
BRDA:33,30,0,0
BRDA:33,31,0,4
BRDA:33,32,0,4
BRDA:33,33,0,2
BRDA:33,34,0,0
BRDA:33,35,0,0
BRDA:33,36,0,2
BRDA:33,37,0,0
BRDA:33,38,0,1
BRDA:33,39,0,0
BRDA:33,40,0,0
BRDA:33,41,0,0
BRDA:33,42,0,0
BRDA:33,43,0,4
BRDA:33,44,0,1
BRDA:33,45,0,4
BRDA:33,46,0,2
BRDA:33,47,0,1
BRDA:33,48,0,0
BRDA:33,49,0,1
BRDA:33,50,0,0
BRDA:14,51,0,1
BRDA:15,52,0,2
BRDA:22,53,0,2
BRDA:33,54,0,2
BRDA:33,55,0,4
BRDA:23,56,0,2
BRDA:33,57,0,2
BRDA:25,58,0,1
BRF:59
BRH:39
end_of_record
TN:
SF:src/modules/users/services/UpdateProfileService.ts
FN:77,Object.<anonymous>
FN:77,Object.<anonymous>.__decorate
FN:77,Object.<anonymous>.__metadata
FN:77,Object.<anonymous>.__param
FN:77,Object.<anonymous>.__awaiter
FN:77,adopt
FN:77,fulfilled
FN:77,rejected
FN:77,step
FN:77,Object.<anonymous>.__generator
FN:77,sent
FN:77,g.<computed>
FN:77,verb
FN:77,step
FN:77,Object.<anonymous>.__importDefault
FN:20,UpdateProfileService
FN:29,Object.<anonymous>.UpdateProfileService.execute
FNF:17
FNH:15
FNDA:1,Object.<anonymous>
FNDA:1,Object.<anonymous>.__decorate
FNDA:1,Object.<anonymous>.__metadata
FNDA:2,Object.<anonymous>.__param
FNDA:6,Object.<anonymous>.__awaiter
FNDA:14,adopt
FNDA:14,fulfilled
FNDA:0,rejected
FNDA:16,step
FNDA:6,Object.<anonymous>.__generator
FNDA:14,sent
FNDA:0,g.<computed>
FNDA:18,verb
FNDA:20,step
FNDA:1,Object.<anonymous>.__importDefault
FNDA:6,UpdateProfileService
FNDA:6,Object.<anonymous>.UpdateProfileService.execute
DA:1,1
DA:2,1
DA:3,1
DA:4,1
DA:5,1
DA:6,1
DA:7,1
DA:8,1
DA:9,1
DA:10,1
DA:11,1
DA:12,1
DA:13,1
DA:14,1
DA:15,1
DA:16,1
DA:17,1
DA:18,1
DA:19,1
DA:20,1
DA:21,6
DA:22,6
DA:23,6
DA:24,6
DA:25,6
DA:26,6
DA:27,6
DA:28,1
DA:29,1
DA:30,6
DA:31,6
DA:32,6
DA:33,6
DA:34,6
DA:35,6
DA:36,6
DA:37,6
DA:38,6
DA:39,1
DA:40,1
DA:41,5
DA:42,5
DA:43,5
DA:44,6
DA:45,6
DA:46,1
DA:47,6
DA:48,1
DA:49,1
DA:50,4
DA:51,4
DA:52,4
DA:53,4
DA:54,6
DA:55,1
DA:56,1
DA:57,1
DA:58,1
DA:59,3
DA:60,6
DA:61,2
DA:62,2
DA:63,2
DA:64,2
DA:65,6
DA:66,6
DA:67,1
DA:68,1
DA:69,1
DA:70,1
DA:71,6
DA:72,6
DA:73,6
DA:74,6
DA:75,1
DA:76,1
DA:77,1
LF:77
LH:77
BRDA:77,0,0,1
BRDA:77,1,0,1
BRDA:77,2,0,1
BRDA:77,3,0,0
BRDA:77,4,0,0
BRDA:77,5,0,0
BRDA:77,6,0,0
BRDA:77,7,0,1
BRDA:77,8,0,2
BRDA:77,9,0,2
BRDA:77,10,0,6
BRDA:77,11,0,14
BRDA:77,12,0,0
BRDA:77,13,0,6
BRDA:77,14,0,14
BRDA:77,15,0,4
BRDA:77,16,0,16
BRDA:77,17,0,2
BRDA:77,18,0,14
BRDA:77,19,0,6
BRDA:77,20,0,14
BRDA:77,21,0,0
BRDA:77,22,0,18
BRDA:77,23,0,20
BRDA:77,24,0,20
BRDA:77,25,0,0
BRDA:77,26,0,41
BRDA:77,27,0,0
BRDA:77,28,0,0
BRDA:77,29,0,0
BRDA:77,30,0,0
BRDA:77,31,0,20
BRDA:77,32,0,20
BRDA:77,33,0,14
BRDA:77,34,0,0
BRDA:77,35,0,0
BRDA:77,36,0,7
BRDA:77,37,0,0
BRDA:77,38,0,3
BRDA:77,39,0,6
BRDA:77,40,0,1
BRDA:77,41,0,0
BRDA:77,42,0,1
BRDA:77,43,0,0
BRDA:77,44,0,0
BRDA:77,45,0,0
BRDA:77,46,0,21
BRDA:77,47,0,4
BRDA:77,48,0,21
BRDA:77,49,0,6
BRDA:77,50,0,4
BRDA:77,51,0,2
BRDA:77,52,0,0
BRDA:77,53,0,1
BRDA:77,54,0,0
BRDA:19,55,0,1
BRDA:20,56,0,6
BRDA:29,57,0,6
BRDA:77,58,0,6
BRDA:77,59,0,21
BRDA:36,60,0,6
BRDA:77,61,0,6
BRDA:38,62,0,1
BRDA:40,63,0,5
BRDA:77,64,0,5
BRDA:45,65,0,1
BRDA:47,66,0,1
BRDA:49,67,0,4
BRDA:54,68,0,3
BRDA:54,69,0,1
BRDA:58,70,0,3
BRDA:60,71,0,2
BRDA:60,72,0,1
BRDA:60,73,0,2
BRDA:77,74,0,2
BRDA:66,75,0,1
BRDA:77,76,0,1
BRDA:73,77,0,2
BRF:78
BRH:58
end_of_record
TN:
SF:src/modules/users/services/UpdateUserAvatarService.ts
FN:47,Object.<anonymous>
FN:47,Object.<anonymous>.__decorate
FN:47,Object.<anonymous>.__metadata
FN:47,Object.<anonymous>.__param
FN:47,Object.<anonymous>.__awaiter
FN:47,adopt
FN:47,fulfilled
FN:47,rejected
FN:47,step
FN:47,Object.<anonymous>.__generator
FN:47,sent
FN:47,g.<computed>
FN:47,verb
FN:47,step
FN:47,Object.<anonymous>.__importDefault
FN:17,UpdateUserAvatarService
FN:26,Object.<anonymous>.UpdateUserAvatarService.execute
FNF:17
FNH:15
FNDA:1,Object.<anonymous>
FNDA:1,Object.<anonymous>.__decorate
FNDA:1,Object.<anonymous>.__metadata
FNDA:2,Object.<anonymous>.__param
FNDA:4,Object.<anonymous>.__awaiter
FNDA:11,adopt
FNDA:11,fulfilled
FNDA:0,rejected
FNDA:14,step
FNDA:4,Object.<anonymous>.__generator
FNDA:11,sent
FNDA:0,g.<computed>
FNDA:12,verb
FNDA:15,step
FNDA:1,Object.<anonymous>.__importDefault
FNDA:3,UpdateUserAvatarService
FNDA:4,Object.<anonymous>.UpdateUserAvatarService.execute
DA:1,1
DA:2,1
DA:3,1
DA:4,1
DA:5,1
DA:6,1
DA:7,1
DA:8,1
DA:9,1
DA:10,1
DA:11,1
DA:12,1
DA:13,1
DA:14,1
DA:15,1
DA:16,1
DA:17,1
DA:18,3
DA:19,3
DA:20,3
DA:21,3
DA:22,3
DA:23,3
DA:24,3
DA:25,1
DA:26,1
DA:27,4
DA:28,4
DA:29,4
DA:30,1
DA:31,1
DA:32,3
DA:33,3
DA:34,1
DA:35,4
DA:36,4
DA:37,4
DA:38,4
DA:39,4
DA:40,4
DA:41,4
DA:42,4
DA:43,4
DA:44,4
DA:45,1
DA:46,1
DA:47,1
LF:47
LH:47
BRDA:47,0,0,1
BRDA:47,1,0,1
BRDA:47,2,0,1
BRDA:47,3,0,0
BRDA:47,4,0,0
BRDA:47,5,0,0
BRDA:47,6,0,0
BRDA:47,7,0,1
BRDA:47,8,0,2
BRDA:47,9,0,2
BRDA:47,10,0,4
BRDA:47,11,0,11
BRDA:47,12,0,0
BRDA:47,13,0,4
BRDA:47,14,0,11
BRDA:47,15,0,1
BRDA:47,16,0,14
BRDA:47,17,0,3
BRDA:47,18,0,11
BRDA:47,19,0,4
BRDA:47,20,0,11
BRDA:47,21,0,0
BRDA:47,22,0,12
BRDA:47,23,0,15
BRDA:47,24,0,15
BRDA:47,25,0,0
BRDA:47,26,0,32
BRDA:47,27,0,0
BRDA:47,28,0,0
BRDA:47,29,0,0
BRDA:47,30,0,0
BRDA:47,31,0,15
BRDA:47,32,0,15
BRDA:47,33,0,11
BRDA:47,34,0,0
BRDA:47,35,0,0
BRDA:47,36,0,6
BRDA:47,37,0,0
BRDA:47,38,0,5
BRDA:47,39,0,4
BRDA:47,40,0,2
BRDA:47,41,0,0
BRDA:47,42,0,2
BRDA:47,43,0,0
BRDA:47,44,0,0
BRDA:47,45,0,0
BRDA:47,46,0,17
BRDA:47,47,0,1
BRDA:47,48,0,17
BRDA:47,49,0,4
BRDA:47,50,0,1
BRDA:47,51,0,3
BRDA:47,52,0,0
BRDA:47,53,0,1
BRDA:47,54,0,0
BRDA:16,55,0,1
BRDA:17,56,0,3
BRDA:26,57,0,4
BRDA:47,58,0,4
BRDA:47,59,0,17
BRDA:27,60,0,4
BRDA:47,61,0,4
BRDA:29,62,0,1
BRDA:31,63,0,3
BRDA:33,64,0,2
BRDA:33,65,0,1
BRDA:47,66,0,1
BRDA:37,67,0,3
BRDA:47,68,0,3
BRDA:47,69,0,3
BRF:70
BRH:50
end_of_record
